--- Startup times for process: Primary/TUI ---

times in msec
 clock   self+sourced   self:  sourced script
 clock   elapsed:              other lines

000.012  000.012: --- NVIM STARTING ---
000.158  000.146: event init
000.414  000.257: early init
018.927  018.513: locale set
019.015  000.088: init first window
020.057  001.042: inits 1
020.584  000.527: window checked
020.601  000.017: parsing arguments
022.625  000.501  000.501: require('vim.shared')
023.380  000.252  000.252: require('vim.inspect')
023.810  000.412  000.412: require('vim._options')
023.816  001.179  000.515: require('vim._editor')
023.820  001.871  000.191: require('vim._init_packages')
023.831  001.358: init lua interpreter
027.217  003.386: --- NVIM STARTED ---

--- Startup times for process: Embedded ---

times in msec
 clock   self+sourced   self:  sourced script
 clock   elapsed:              other lines

000.008  000.008: --- NVIM STARTING ---
000.089  000.081: event init
000.265  000.176: early init
014.951  014.686: locale set
015.010  000.059: init first window
015.519  000.510: inits 1
015.766  000.246: window checked
015.779  000.013: parsing arguments
017.382  000.444  000.444: require('vim.shared')
018.130  000.236  000.236: require('vim.inspect')
018.529  000.383  000.383: require('vim._options')
018.534  001.142  000.524: require('vim._editor')
018.538  001.741  000.155: require('vim._init_packages')
018.550  001.030: init lua interpreter
019.409  000.859: expanding arguments
019.456  000.048: inits 2
019.921  000.465: init highlight
019.926  000.006: waiting for UI
020.234  000.307: done waiting for UI
020.241  000.007: clear screen
020.760  000.058  000.058: require('vim.keymap')
023.104  001.260  001.260: require('vim.termcap')
023.351  000.222  000.222: require('vim.text')
027.649  007.400  005.859: require('vim._defaults')
027.657  000.015: init default mappings & autocommands
028.006  000.127  000.127: sourcing C:\Program Files\Neovim\share\nvim\runtime\ftplugin.vim
028.294  000.077  000.077: sourcing C:\Program Files\Neovim\share\nvim\runtime\indent.vim
029.634  000.358  000.358: require('vim.fs')
029.883  000.236  000.236: require('vim.uri')
029.925  001.123  000.529: require('vim.loader')
030.882  000.330  000.330: sourcing C:\Program Files\Neovim\share\nvim\runtime\filetype.lua
031.144  000.028  000.028: sourcing C:\Program Files\Neovim\share\nvim\runtime\ftplugin.vim
031.368  000.024  000.024: sourcing C:\Program Files\Neovim\share\nvim\runtime\indent.vim
032.754  001.134  001.134: require('lazy')
032.850  000.024  000.024: require('ffi')
033.169  000.308  000.308: require('lazy.stats')
033.946  000.481  000.481: require('lazy.core.util')
034.256  000.277  000.277: require('lazy.core.config')
034.778  000.283  000.283: require('lazy.core.handler')
035.609  000.210  000.210: require('lazy.pkg')
035.619  000.516  000.306: require('lazy.core.meta')
035.627  000.840  000.324: require('lazy.core.plugin')
035.639  001.375  000.252: require('lazy.core.loader')
036.343  000.207  000.207: require('lazy.core.fragments')
043.080  000.217  000.217: require('lazy.core.handler.event')
043.270  000.175  000.175: require('lazy.core.handler.cmd')
043.501  000.222  000.222: require('lazy.core.handler.keys')
043.702  000.193  000.193: require('lazy.core.handler.ft')
044.087  000.051  000.051: sourcing C:/Users/shaig/AppData/Local/nvim-data/lazy/typst.vim/ftdetect/typst.vim
045.824  000.143  000.143: sourcing C:\Program Files\Neovim\share/nvim/runtime/filetype.lua
052.144  000.235  000.235: require('gruvbox-baby.hsluv')
052.715  000.532  000.532: require('gruvbox-baby.theme')
052.749  001.053  000.285: require('gruvbox-baby.util')
052.760  001.957  000.904: require('gruvbox-baby')
053.089  000.323  000.323: require('gruvbox-baby.config')
053.404  000.303  000.303: require('gruvbox-baby.colors')
055.405  004.691  002.108: sourcing C:\Users\shaig\AppData\Local\nvim-data\lazy\gruvbox-baby\colors\gruvbox-baby.vim
056.450  000.264  000.264: sourcing C:\Program Files\Neovim\share/nvim/runtime/plugin/editorconfig.lua
057.135  000.408  000.408: sourcing C:\Program Files\Neovim\share/nvim/runtime/plugin/gzip.vim
057.538  000.205  000.205: sourcing C:\Program Files\Neovim\share/nvim/runtime/plugin/man.lua
059.398  000.389  000.389: sourcing C:\Program Files\Neovim\share\nvim\runtime\pack\dist\opt\matchit\plugin\matchit.vim
059.465  001.717  001.328: sourcing C:\Program Files\Neovim\share/nvim/runtime/plugin/matchit.vim
059.903  000.259  000.259: sourcing C:\Program Files\Neovim\share/nvim/runtime/plugin/matchparen.vim
060.629  000.532  000.532: sourcing C:\Program Files\Neovim\share/nvim/runtime/plugin/netrwPlugin.vim
061.086  000.193  000.193: sourcing C:\Program Files\Neovim\share/nvim/runtime/plugin/osc52.lua
061.809  000.505  000.505: sourcing C:\Program Files\Neovim\share/nvim/runtime/plugin/rplugin.vim
062.105  000.107  000.107: sourcing C:\Program Files\Neovim\share/nvim/runtime/plugin/shada.vim
062.407  000.059  000.059: sourcing C:\Program Files\Neovim\share/nvim/runtime/plugin/spellfile.vim
062.771  000.142  000.142: sourcing C:\Program Files\Neovim\share/nvim/runtime/plugin/tarPlugin.vim
063.268  000.274  000.274: sourcing C:\Program Files\Neovim\share/nvim/runtime/plugin/tohtml.lua
063.496  000.043  000.043: sourcing C:\Program Files\Neovim\share/nvim/runtime/plugin/tutor.vim
063.911  000.229  000.229: sourcing C:\Program Files\Neovim\share/nvim/runtime/plugin/zipPlugin.vim
064.531  000.392  000.392: require('keymaps')
064.537  035.885  019.557: sourcing C:\Users\shaig\AppData\Local\nvim\init.lua
064.572  000.827: sourcing vimrc file(s)
065.971  000.098  000.098: sourcing C:\Program Files\Neovim\share\nvim\runtime\syntax\synload.vim
066.151  001.121  001.023: sourcing C:\Program Files\Neovim\share/nvim/runtime/syntax/syntax.vim
066.182  000.488: inits 3
069.921  003.739: reading ShaDa
070.145  000.225: opening buffers
070.206  000.061: BufEnter autocommands
070.216  000.009: editing files in windows
072.932  000.080  000.080: sourcing C:/Users/shaig/AppData/Local/nvim-data/lazy/nvim-web-devicons/plugin/nvim-web-devicons.vim
074.779  000.178  000.178: require('lualine_require')
075.553  002.365  002.186: require('lualine')
079.363  000.237  000.237: require('lualine.utils.mode')
092.843  019.947: VimEnter autocommands
092.928  000.085: UIEnter autocommands
104.074  009.511  009.511: sourcing C:\Program Files\Neovim\share\nvim\runtime\autoload\provider\clipboard.vim
104.109  001.669: before starting main loop
104.759  000.650: first screen update
104.765  000.006: --- NVIM STARTED ---

